<?xml version="1.0" encoding="UTF-8"?>
<!-- Generated by org.testng.reporters.JUnitXMLReporter -->
<testsuite ignored="0" hostname="mkhadeer-LAP" failures="0" tests="3" name="Test" time="0.978" errors="0" timestamp="2024-07-18T10:18:17 IST">
  <testcase classname="KhadeerTestComponents.Crediantials" name="@BeforeMethod launchApplication" time="0.015">
    <failure type="java.io.FileNotFoundException" message="C:\Users\mkhadeer\eclipse-cucumber-workspace\MavenProject\src\main\java\khadeercredentials\Gobelfile (The system cannot find the file specified)">
      <![CDATA[java.io.FileNotFoundException: C:\Users\mkhadeer\eclipse-cucumber-workspace\MavenProject\src\main\java\khadeercredentials\Gobelfile (The system cannot find the file specified)
at java.base/java.io.FileInputStream.open0(Native Method)
at java.base/java.io.FileInputStream.open(FileInputStream.java:213)
at java.base/java.io.FileInputStream.<init>(FileInputStream.java:152)
at java.base/java.io.FileInputStream.<init>(FileInputStream.java:106)
at KhadeerTestComponents.Crediantials.initializeDriver(Crediantials.java:34)
at KhadeerTestComponents.Crediantials.launchApplication(Crediantials.java:77)
at java.base/java.util.ArrayList.forEach(ArrayList.java:1597)
... Removed 33 stack frames]]>
    </failure>
  </testcase> <!-- @BeforeMethod launchApplication -->
  <testcase classname="KhadeerTestComponents.Crediantials" name="@AfterMethod closeApplication" time="0.0">
    <skipped/>
  </testcase> <!-- @AfterMethod closeApplication -->
  <testcase classname="KhadeerTestComponents.Crediantials" name="@BeforeMethod launchApplication" time="0.0">
    <skipped/>
  </testcase> <!-- @BeforeMethod launchApplication -->
  <testcase classname="KhadeerTestComponents.Crediantials" name="@AfterMethod closeApplication" time="0.0">
    <skipped/>
  </testcase> <!-- @AfterMethod closeApplication -->
  <testcase classname="MavenProject.MavenProject.projectReTestNg" name="submitOrder" time="0.001">
    <skipped/>
  </testcase> <!-- submitOrder -->
  <testcase classname="MavenProject.MavenProject.projectReTestNg" name="submitOrder" time="0.001">
    <skipped/>
  </testcase> <!-- submitOrder -->
  <testcase classname="MavenProject.MavenProject.projectReTestNg" name="orderHistoryTest" time="0.0">
    <skipped/>
  </testcase> <!-- orderHistoryTest -->
</testsuite> <!-- Test -->
